<?xml version="1.0" encoding="UTF-8"?>
<!-- Generated by org.testng.reporters.JUnitReportReporter -->
<testsuite hostname="LAPTOP-OBT36B41" failures="0" tests="1" name="com.testNG.ValidatingFrame" time="64.443" errors="0" timestamp="2022-07-15T23:09:38 PDT" skipped="0">
  <testcase classname="com.testNG.ValidatingFrame" name="Validatingsingle" time="64.443"/>
  <system-out/>
</testsuite> <!-- com.testNG.ValidatingFrame -->
