<?xml version="1.0" encoding="UTF-8"?>
<!-- Generated by org.testng.reporters.JUnitReportReporter -->
<testsuite hostname="LAPTOP-OBT36B41" failures="0" tests="1" name="com.testNG.ValidatingFileUpload" time="11.484" errors="0" timestamp="2022-07-25T21:05:34 PDT" skipped="0">
  <testcase classname="com.testNG.ValidatingFileUpload" name="ValidatingFileUploadOperation" time="11.484"/>
  <system-out/>
</testsuite> <!-- com.testNG.ValidatingFileUpload -->
