<?xml version="1.0" encoding="UTF-8"?>
<!-- Generated by org.testng.reporters.JUnitReportReporter -->
<testsuite hostname="LAPTOP-OBT36B41" failures="0" tests="4" name="com.testNG.ValidatingAlerts2" time="10.116" errors="0" timestamp="2022-07-16T11:28:04 PDT" skipped="0">
  <testcase classname="com.testNG.ValidatingAlerts2" name="ValidatingAlerts" time="3.619"/>
  <system-out/>
  <testcase classname="com.testNG.ValidatingAlerts2" name="ValidatingTimerAlerts" time="6.095"/>
  <system-out/>
  <testcase classname="com.testNG.ValidatingAlerts2" name="ValidatingConfirmBoxAlerts" time="0.197"/>
  <system-out/>
  <testcase classname="com.testNG.ValidatingAlerts2" name="ValidatingPromptBoxAlerts" time="0.205"/>
  <system-out/>
</testsuite> <!-- com.testNG.ValidatingAlerts2 -->
