<?xml version="1.0" encoding="UTF-8"?>
<!-- Generated by org.testng.reporters.JUnitReportReporter -->
<testsuite hostname="LAPTOP-OBT36B41" failures="0" tests="1" name="com.testNG.ValidatingWindows" time="3.118" errors="0" timestamp="2022-07-16T13:15:14 PDT" skipped="0">
  <testcase classname="com.testNG.ValidatingWindows" name="ValidatingWindows" time="3.118"/>
  <system-out/>
</testsuite> <!-- com.testNG.ValidatingWindows -->
