<?xml version="1.0" encoding="UTF-8"?>
<!-- Generated by org.testng.reporters.JUnitReportReporter -->
<testsuite hostname="LAPTOP-OBT36B41" failures="0" tests="3" name="com.testNG.testNgGmo" time="3.290" errors="0" timestamp="2022-05-26T19:31:50 PDT" skipped="0">
  <testcase classname="com.testNG.testNgGmo" name="testGmo" time="1.506"/>
  <system-out/>
  <testcase classname="com.testNG.testNgGmo" name="EnterGMOOnlineExternalframebackpack" time="1.625"/>
  <system-out/>
  <testcase classname="com.testNG.testNgGmo" name="UnitPriceVallidation" time="0.159"/>
  <system-out/>
</testsuite> <!-- com.testNG.testNgGmo -->
