<?xml version="1.0" encoding="UTF-8"?>
<!-- Generated by org.testng.reporters.JUnitReportReporter -->
<testsuite hostname="LAPTOP-OBT36B41" failures="0" tests="1" name="com.testNG.testNgAmazon" time="7.897" errors="0" timestamp="2022-05-16T20:27:21 PDT" skipped="0">
  <testcase classname="com.testNG.testNgAmazon" name="testAmazon" time="7.897"/>
  <system-out/>
</testsuite> <!-- com.testNG.testNgAmazon -->
