<?xml version="1.0" encoding="UTF-8"?>
<!-- Generated by org.testng.reporters.JUnitReportReporter -->
<testsuite hostname="LAPTOP-OBT36B41" failures="0" tests="3" name="com.testNG.ValidatingMouseRightClick" time="6.604" errors="0" timestamp="2022-07-19T21:00:02 PDT" skipped="0">
  <testcase classname="com.testNG.ValidatingMouseRightClick" name="ValidatingRightClick" time="1.825"/>
  <system-out/>
  <testcase classname="com.testNG.ValidatingMouseRightClick" name="VallidatingDoubleClickOperation" time="1.522"/>
  <system-out/>
  <testcase classname="com.testNG.ValidatingMouseRightClick" name="VallidatingDragAndDropOperation" time="3.257"/>
  <system-out/>
</testsuite> <!-- com.testNG.ValidatingMouseRightClick -->
