<?xml version="1.0" encoding="UTF-8"?>
<!-- Generated by org.testng.reporters.JUnitReportReporter -->
<testsuite hostname="LAPTOP-OBT36B41" failures="0" tests="3" name="com.testNG.GmoOnline2" time="3.496" errors="0" timestamp="2022-07-09T23:44:51 PDT" skipped="0">
  <testcase classname="com.testNG.GmoOnline2" name="LaunchGmoOnline" time="2.469"/>
  <system-out/>
  <testcase classname="com.testNG.GmoOnline2" name="EnterGmoOnlineAndOrderExternalFrameBackPack" time="0.940"/>
  <system-out/>
  <testcase classname="com.testNG.GmoOnline2" name="ValidatePriceCalculation" time="0.087"/>
  <system-out/>
</testsuite> <!-- com.testNG.GmoOnline2 -->
