<?xml version="1.0" encoding="UTF-8"?>
<!-- Generated by org.testng.reporters.JUnitReportReporter -->
<testsuite hostname="LAPTOP-OBT36B41" failures="0" tests="4" name="com.testNG.ValidatingAlerts" time="11.146" errors="0" timestamp="2022-07-15T22:27:39 PDT" skipped="0">
  <testcase classname="com.testNG.ValidatingAlerts" name="ValidatingAlerts" time="5.420"/>
  <system-out/>
  <testcase classname="com.testNG.ValidatingAlerts" name="ValidatingTimerAlerts" time="5.437"/>
  <system-out/>
  <testcase classname="com.testNG.ValidatingAlerts" name="ValidatingConfirmBoxAlerts" time="0.144"/>
  <system-out/>
  <testcase classname="com.testNG.ValidatingAlerts" name="ValidatingPromptBoxAlerts" time="0.145"/>
  <system-out/>
</testsuite> <!-- com.testNG.ValidatingAlerts -->
