<?xml version="1.0" encoding="UTF-8"?>
<!-- Generated by org.testng.reporters.JUnitReportReporter -->
<testsuite hostname="LAPTOP-OBT36B41" failures="0" tests="2" name="com.testNG.testNgGmo" time="2.108" errors="0" timestamp="2022-05-25T20:33:21 PDT" skipped="0">
  <testcase classname="com.testNG.testNgGmo" name="testGmo" time="1.224"/>
  <system-out/>
  <testcase classname="com.testNG.testNgGmo" name="EnterGMOOnlineExternalframebackpack" time="0.884"/>
  <system-out/>
</testsuite> <!-- com.testNG.testNgGmo -->
